                                 Started job on |	Oct 07 13:21:13
                             Started mapping on |	Oct 07 13:21:53
                                    Finished on |	Oct 07 13:25:34
       Mapping speed, Million of reads per hour |	367.31

                          Number of input reads |	22548971
                      Average input read length |	196
                                    UNIQUE READS:
                   Uniquely mapped reads number |	20359849
                        Uniquely mapped reads % |	90.29%
                          Average mapped length |	192.84
                       Number of splices: Total |	13437898
            Number of splices: Annotated (sjdb) |	13294407
                       Number of splices: GT/AG |	13295370
                       Number of splices: GC/AG |	91303
                       Number of splices: AT/AC |	13328
               Number of splices: Non-canonical |	37897
                      Mismatch rate per base, % |	0.37%
                         Deletion rate per base |	0.01%
                        Deletion average length |	1.59
                        Insertion rate per base |	0.01%
                       Insertion average length |	1.28
                             MULTI-MAPPING READS:
        Number of reads mapped to multiple loci |	1672408
             % of reads mapped to multiple loci |	7.42%
        Number of reads mapped to too many loci |	28708
             % of reads mapped to too many loci |	0.13%
                                  UNMAPPED READS:
       % of reads unmapped: too many mismatches |	0.00%
                 % of reads unmapped: too short |	2.14%
                     % of reads unmapped: other |	0.02%
                                  CHIMERIC READS:
                       Number of chimeric reads |	0
                            % of chimeric reads |	0.00%
