                                 Started job on |	Oct 07 13:16:13
                             Started mapping on |	Oct 07 13:16:37
                                    Finished on |	Oct 07 13:20:54
       Mapping speed, Million of reads per hour |	322.87

                          Number of input reads |	23049187
                      Average input read length |	188
                                    UNIQUE READS:
                   Uniquely mapped reads number |	20844549
                        Uniquely mapped reads % |	90.44%
                          Average mapped length |	185.43
                       Number of splices: Total |	13280162
            Number of splices: Annotated (sjdb) |	13140343
                       Number of splices: GT/AG |	13136677
                       Number of splices: GC/AG |	88948
                       Number of splices: AT/AC |	12851
               Number of splices: Non-canonical |	41686
                      Mismatch rate per base, % |	0.39%
                         Deletion rate per base |	0.02%
                        Deletion average length |	1.58
                        Insertion rate per base |	0.01%
                       Insertion average length |	1.29
                             MULTI-MAPPING READS:
        Number of reads mapped to multiple loci |	1783508
             % of reads mapped to multiple loci |	7.74%
        Number of reads mapped to too many loci |	38284
             % of reads mapped to too many loci |	0.17%
                                  UNMAPPED READS:
       % of reads unmapped: too many mismatches |	0.00%
                 % of reads unmapped: too short |	1.64%
                     % of reads unmapped: other |	0.02%
                                  CHIMERIC READS:
                       Number of chimeric reads |	0
                            % of chimeric reads |	0.00%
