                                 Started job on |	Oct 07 13:16:15
                             Started mapping on |	Oct 07 13:17:04
                                    Finished on |	Oct 07 13:25:01
       Mapping speed, Million of reads per hour |	198.65

                          Number of input reads |	26320740
                      Average input read length |	189
                                    UNIQUE READS:
                   Uniquely mapped reads number |	23729409
                        Uniquely mapped reads % |	90.15%
                          Average mapped length |	186.21
                       Number of splices: Total |	14524703
            Number of splices: Annotated (sjdb) |	14352386
                       Number of splices: GT/AG |	14362601
                       Number of splices: GC/AG |	99932
                       Number of splices: AT/AC |	14732
               Number of splices: Non-canonical |	47438
                      Mismatch rate per base, % |	0.38%
                         Deletion rate per base |	0.02%
                        Deletion average length |	1.63
                        Insertion rate per base |	0.01%
                       Insertion average length |	1.29
                             MULTI-MAPPING READS:
        Number of reads mapped to multiple loci |	2139943
             % of reads mapped to multiple loci |	8.13%
        Number of reads mapped to too many loci |	36541
             % of reads mapped to too many loci |	0.14%
                                  UNMAPPED READS:
       % of reads unmapped: too many mismatches |	0.00%
                 % of reads unmapped: too short |	1.55%
                     % of reads unmapped: other |	0.03%
                                  CHIMERIC READS:
                       Number of chimeric reads |	0
                            % of chimeric reads |	0.00%
