                                 Started job on |	Oct 07 13:10:01
                             Started mapping on |	Oct 07 13:10:31
                                    Finished on |	Oct 07 13:14:18
       Mapping speed, Million of reads per hour |	309.09

                          Number of input reads |	19489763
                      Average input read length |	188
                                    UNIQUE READS:
                   Uniquely mapped reads number |	17362111
                        Uniquely mapped reads % |	89.08%
                          Average mapped length |	185.91
                       Number of splices: Total |	10038527
            Number of splices: Annotated (sjdb) |	9874544
                       Number of splices: GT/AG |	9925237
                       Number of splices: GC/AG |	74449
                       Number of splices: AT/AC |	10623
               Number of splices: Non-canonical |	28218
                      Mismatch rate per base, % |	0.40%
                         Deletion rate per base |	0.01%
                        Deletion average length |	1.58
                        Insertion rate per base |	0.01%
                       Insertion average length |	1.27
                             MULTI-MAPPING READS:
        Number of reads mapped to multiple loci |	1494784
             % of reads mapped to multiple loci |	7.67%
        Number of reads mapped to too many loci |	82748
             % of reads mapped to too many loci |	0.42%
                                  UNMAPPED READS:
       % of reads unmapped: too many mismatches |	0.00%
                 % of reads unmapped: too short |	2.81%
                     % of reads unmapped: other |	0.02%
                                  CHIMERIC READS:
                       Number of chimeric reads |	0
                            % of chimeric reads |	0.00%
