                                 Started job on |	Oct 07 13:16:13
                             Started mapping on |	Oct 07 13:16:45
                                    Finished on |	Oct 07 13:20:15
       Mapping speed, Million of reads per hour |	313.46

                          Number of input reads |	18285320
                      Average input read length |	196
                                    UNIQUE READS:
                   Uniquely mapped reads number |	16066200
                        Uniquely mapped reads % |	87.86%
                          Average mapped length |	193.38
                       Number of splices: Total |	10235291
            Number of splices: Annotated (sjdb) |	10109319
                       Number of splices: GT/AG |	10118568
                       Number of splices: GC/AG |	78554
                       Number of splices: AT/AC |	10318
               Number of splices: Non-canonical |	27851
                      Mismatch rate per base, % |	0.37%
                         Deletion rate per base |	0.01%
                        Deletion average length |	1.63
                        Insertion rate per base |	0.01%
                       Insertion average length |	1.28
                             MULTI-MAPPING READS:
        Number of reads mapped to multiple loci |	1476392
             % of reads mapped to multiple loci |	8.07%
        Number of reads mapped to too many loci |	16653
             % of reads mapped to too many loci |	0.09%
                                  UNMAPPED READS:
       % of reads unmapped: too many mismatches |	0.00%
                 % of reads unmapped: too short |	3.95%
                     % of reads unmapped: other |	0.02%
                                  CHIMERIC READS:
                       Number of chimeric reads |	0
                            % of chimeric reads |	0.00%
