                                 Started job on |	Oct 07 13:21:12
                             Started mapping on |	Oct 07 13:21:33
                                    Finished on |	Oct 07 13:25:32
       Mapping speed, Million of reads per hour |	322.89

                          Number of input reads |	21436559
                      Average input read length |	194
                                    UNIQUE READS:
                   Uniquely mapped reads number |	19336909
                        Uniquely mapped reads % |	90.21%
                          Average mapped length |	191.21
                       Number of splices: Total |	12199926
            Number of splices: Annotated (sjdb) |	12039751
                       Number of splices: GT/AG |	12067749
                       Number of splices: GC/AG |	88024
                       Number of splices: AT/AC |	13960
               Number of splices: Non-canonical |	30193
                      Mismatch rate per base, % |	0.39%
                         Deletion rate per base |	0.01%
                        Deletion average length |	1.58
                        Insertion rate per base |	0.01%
                       Insertion average length |	1.27
                             MULTI-MAPPING READS:
        Number of reads mapped to multiple loci |	1593504
             % of reads mapped to multiple loci |	7.43%
        Number of reads mapped to too many loci |	42115
             % of reads mapped to too many loci |	0.20%
                                  UNMAPPED READS:
       % of reads unmapped: too many mismatches |	0.00%
                 % of reads unmapped: too short |	2.15%
                     % of reads unmapped: other |	0.01%
                                  CHIMERIC READS:
                       Number of chimeric reads |	0
                            % of chimeric reads |	0.00%
