                                 Started job on |	Oct 07 13:16:15
                             Started mapping on |	Oct 07 13:17:04
                                    Finished on |	Oct 07 13:22:42
       Mapping speed, Million of reads per hour |	211.58

                          Number of input reads |	19864960
                      Average input read length |	195
                                    UNIQUE READS:
                   Uniquely mapped reads number |	17970706
                        Uniquely mapped reads % |	90.46%
                          Average mapped length |	192.09
                       Number of splices: Total |	11580653
            Number of splices: Annotated (sjdb) |	11439024
                       Number of splices: GT/AG |	11454106
                       Number of splices: GC/AG |	83944
                       Number of splices: AT/AC |	11635
               Number of splices: Non-canonical |	30968
                      Mismatch rate per base, % |	0.37%
                         Deletion rate per base |	0.01%
                        Deletion average length |	1.60
                        Insertion rate per base |	0.01%
                       Insertion average length |	1.28
                             MULTI-MAPPING READS:
        Number of reads mapped to multiple loci |	1462483
             % of reads mapped to multiple loci |	7.36%
        Number of reads mapped to too many loci |	18313
             % of reads mapped to too many loci |	0.09%
                                  UNMAPPED READS:
       % of reads unmapped: too many mismatches |	0.00%
                 % of reads unmapped: too short |	2.06%
                     % of reads unmapped: other |	0.02%
                                  CHIMERIC READS:
                       Number of chimeric reads |	0
                            % of chimeric reads |	0.00%
