                                 Started job on |	Oct 07 13:03:50
                             Started mapping on |	Oct 07 13:04:40
                                    Finished on |	Oct 07 13:08:30
       Mapping speed, Million of reads per hour |	288.69

                          Number of input reads |	18444400
                      Average input read length |	197
                                    UNIQUE READS:
                   Uniquely mapped reads number |	16442140
                        Uniquely mapped reads % |	89.14%
                          Average mapped length |	193.55
                       Number of splices: Total |	8832268
            Number of splices: Annotated (sjdb) |	8709510
                       Number of splices: GT/AG |	8719184
                       Number of splices: GC/AG |	64934
                       Number of splices: AT/AC |	8770
               Number of splices: Non-canonical |	39380
                      Mismatch rate per base, % |	0.37%
                         Deletion rate per base |	0.02%
                        Deletion average length |	1.65
                        Insertion rate per base |	0.01%
                       Insertion average length |	1.30
                             MULTI-MAPPING READS:
        Number of reads mapped to multiple loci |	1687891
             % of reads mapped to multiple loci |	9.15%
        Number of reads mapped to too many loci |	24879
             % of reads mapped to too many loci |	0.13%
                                  UNMAPPED READS:
       % of reads unmapped: too many mismatches |	0.00%
                 % of reads unmapped: too short |	1.53%
                     % of reads unmapped: other |	0.04%
                                  CHIMERIC READS:
                       Number of chimeric reads |	0
                            % of chimeric reads |	0.00%
